Arguments: 
  /Users/kevin/.nvm/versions/node/v12.17.0/bin/node /Users/kevin/.nvm/versions/node/v12.17.0/bin/yarn add Wechaty

PATH: 
  /Users/kevin/.nvm/versions/node/v12.17.0/bin:/usr/local/sbin:/usr/local/bin:/Users/kevin/.cargo/bin:/usr/local/bin:/usr/bin:/bin:/usr/sbin:/sbin:/Users/kevin/.nvm/versions/node/v12.17.0/bin:/usr/local/sbin:/Users/kevin/.cargo/bin

Yarn version: 
  1.22.4

Node version: 
  12.17.0

Platform: 
  darwin x64

Trace: 
  Error: https://registry.npm.taobao.org/Wechaty: Not found
      at Request.params.callback [as _callback] (/Users/kevin/.nvm/versions/node/v12.17.0/lib/node_modules/yarn/lib/cli.js:66987:18)
      at Request.self.callback (/Users/kevin/.nvm/versions/node/v12.17.0/lib/node_modules/yarn/lib/cli.js:140748:22)
      at Request.emit (events.js:315:20)
      at Request.<anonymous> (/Users/kevin/.nvm/versions/node/v12.17.0/lib/node_modules/yarn/lib/cli.js:141720:10)
      at Request.emit (events.js:315:20)
      at IncomingMessage.<anonymous> (/Users/kevin/.nvm/versions/node/v12.17.0/lib/node_modules/yarn/lib/cli.js:141642:12)
      at Object.onceWrapper (events.js:421:28)
      at IncomingMessage.emit (events.js:327:22)
      at endReadableNT (_stream_readable.js:1221:12)
      at processTicksAndRejections (internal/process/task_queues.js:84:21)

npm manifest: 
  {
    "name": "y",
    "version": "1.0.0",
    "description": "",
    "main": "index.js",
    "scripts": {
      "test": "echo \"Error: no test specified\" && exit 1"
    },
    "author": "",
    "license": "ISC"
  }

yarn manifest: 
  No manifest

Lockfile: 
  No lockfile
